/data/projects/istart-mid/code/L1stats.sh 1001 1 0
/data/projects/istart-mid/code/L1stats.sh: line 137: OUTPUT-/data/projects/istart-mid/derivatives/fsl/sub-1001/L1_task-mid_model-3_type-act_run-1: No such file or directory
To view the FEAT progress and final report, point your web browser at /data/projects/istart-data/derivatives/fmriprep/sub-1001/func/sub-1001_task-mid_run-1_space-MNI152NLin2009cAsym_desc-preproc_bold+.feat/report_log.html
/data/projects/istart-mid/code/L1stats.sh 1001 2 0
/data/projects/istart-mid/code/L1stats.sh: line 137: OUTPUT-/data/projects/istart-mid/derivatives/fsl/sub-1001/L1_task-mid_model-3_type-act_run-2: No such file or directory
To view the FEAT progress and final report, point your web browser at /data/projects/istart-data/derivatives/fmriprep/sub-1001/func/sub-1001_task-mid_run-2_space-MNI152NLin2009cAsym_desc-preproc_bold+.feat/report_log.html
/data/projects/istart-mid/code/L1stats.sh 1002 1 0
/data/projects/istart-mid/code/L1stats.sh: line 137: OUTPUT-/data/projects/istart-mid/derivatives/fsl/sub-1002/L1_task-mid_model-3_type-act_run-1: No such file or directory
To view the FEAT progress and final report, point your web browser at /data/projects/istart-data/derivatives/fmriprep/sub-1002/func/sub-1002_task-mid_run-1_space-MNI152NLin2009cAsym_desc-preproc_bold+.feat/report_log.html
/data/projects/istart-mid/code/L1stats.sh 1002 2 0
/data/projects/istart-mid/code/L1stats.sh: line 137: OUTPUT-/data/projects/istart-mid/derivatives/fsl/sub-1002/L1_task-mid_model-3_type-act_run-2: No such file or directory
To view the FEAT progress and final report, point your web browser at /data/projects/istart-data/derivatives/fmriprep/sub-1002/func/sub-1002_task-mid_run-2_space-MNI152NLin2009cAsym_desc-preproc_bold+.feat/report_log.html
/data/projects/istart-mid/code/L1stats.sh 1003 1 0
/data/projects/istart-mid/code/L1stats.sh: line 137: OUTPUT-/data/projects/istart-mid/derivatives/fsl/sub-1003/L1_task-mid_model-3_type-act_run-1: No such file or directory
To view the FEAT progress and final report, point your web browser at /data/projects/istart-data/derivatives/fmriprep/sub-1003/func/sub-1003_task-mid_run-1_space-MNI152NLin2009cAsym_desc-preproc_bold+.feat/report_log.html
/data/projects/istart-mid/code/L1stats.sh 1003 2 0
/data/projects/istart-mid/code/L1stats.sh 1004 1 0
/data/projects/istart-mid/code/L1stats.sh: line 137: OUTPUT-/data/projects/istart-mid/derivatives/fsl/sub-1004/L1_task-mid_model-3_type-act_run-1: No such file or directory
To view the FEAT progress and final report, point your web browser at /data/projects/istart-data/derivatives/fmriprep/sub-1004/func/sub-1004_task-mid_run-1_space-MNI152NLin2009cAsym_desc-preproc_bold+.feat/report_log.html
/data/projects/istart-mid/code/L1stats.sh 1004 2 0
/data/projects/istart-mid/code/L1stats.sh: line 137: OUTPUT-/data/projects/istart-mid/derivatives/fsl/sub-1004/L1_task-mid_model-3_type-act_run-2: No such file or directory
To view the FEAT progress and final report, point your web browser at /data/projects/istart-data/derivatives/fmriprep/sub-1004/func/sub-1004_task-mid_run-2_space-MNI152NLin2009cAsym_desc-preproc_bold+.feat/report_log.html
ln: failed to create symbolic link '.feat/reg/example_func2standard.mat': File exists
ln: failed to create symbolic link '.feat/reg/standard2example_func.mat': File exists
ln: failed to create symbolic link '.feat/reg/standard.nii.gz': File exists
/data/projects/istart-mid/code/L1stats.sh 1006 1 0
/data/projects/istart-mid/code/L1stats.sh: line 137: OUTPUT-/data/projects/istart-mid/derivatives/fsl/sub-1006/L1_task-mid_model-3_type-act_run-1: No such file or directory
To view the FEAT progress and final report, point your web browser at /data/projects/istart-data/derivatives/fmriprep/sub-1006/func/sub-1006_task-mid_run-1_space-MNI152NLin2009cAsym_desc-preproc_bold+.feat/report_log.html
/data/projects/istart-mid/code/L1stats.sh 1006 2 0
/data/projects/istart-mid/code/L1stats.sh: line 137: OUTPUT-/data/projects/istart-mid/derivatives/fsl/sub-1006/L1_task-mid_model-3_type-act_run-2: No such file or directory
child process exited abnormally
    while executing
"fsl:exec "${FSLDIR}/bin/feat_model design" $fmri(featModelOpts) -N feat0_model -l logs "
    (procedure "firstLevelMaster" line 43)
    invoked from within
"firstLevelMaster $session"
    invoked from within
"if { $done_something == 0 } {

    if { ! $fmri(inmelodic) } {
       if { $fmri(level) == 1 } {
	      for { set session 1 } { $session <= $fmri(mult..."
    (file "/usr/share/fsl/6.0.3/bin/feat" line 390)
/data/projects/istart-mid/code/L1stats.sh 1007 1 0
/data/projects/istart-mid/code/L1stats.sh: line 137: OUTPUT-/data/projects/istart-mid/derivatives/fsl/sub-1007/L1_task-mid_model-3_type-act_run-1: No such file or directory
To view the FEAT progress and final report, point your web browser at /data/projects/istart-data/derivatives/fmriprep/sub-1007/func/sub-1007_task-mid_run-1_space-MNI152NLin2009cAsym_desc-preproc_bold+.feat/report_log.html
ln: failed to create symbolic link '.feat/reg/example_func2standard.mat': File exists
ln: failed to create symbolic link '.feat/reg/standard2example_func.mat': File exists
ln: failed to create symbolic link '.feat/reg/standard.nii.gz': File exists
ln: failed to create symbolic link '.feat/reg/example_func2standard.mat': File exists
ln: failed to create symbolic link '.feat/reg/standard2example_func.mat': File exists
ln: failed to create symbolic link '.feat/reg/standard.nii.gz': File exists
/data/projects/istart-mid/code/L1stats.sh 1007 2 0
/data/projects/istart-mid/code/L1stats.sh: line 137: OUTPUT-/data/projects/istart-mid/derivatives/fsl/sub-1007/L1_task-mid_model-3_type-act_run-2: No such file or directory
To view the FEAT progress and final report, point your web browser at /data/projects/istart-data/derivatives/fmriprep/sub-1007/func/sub-1007_task-mid_run-2_space-MNI152NLin2009cAsym_desc-preproc_bold+.feat/report_log.html
/data/projects/istart-mid/code/L1stats.sh 1009 1 0
/data/projects/istart-mid/code/L1stats.sh: line 137: OUTPUT-/data/projects/istart-mid/derivatives/fsl/sub-1009/L1_task-mid_model-3_type-act_run-1: No such file or directory
/data/projects/istart-mid/code/L1stats.sh 1009 2 0
/data/projects/istart-mid/code/L1stats.sh: line 137: OUTPUT-/data/projects/istart-mid/derivatives/fsl/sub-1009/L1_task-mid_model-3_type-act_run-2: No such file or directory
To view the FEAT progress and final report, point your web browser at /data/projects/istart-data/derivatives/fmriprep/sub-1009/func/sub-1009_task-mid_run-1_space-MNI152NLin2009cAsym_desc-preproc_bold+.feat/report_log.html
To view the FEAT progress and final report, point your web browser at /data/projects/istart-data/derivatives/fmriprep/sub-1009/func/sub-1009_task-mid_run-2_space-MNI152NLin2009cAsym_desc-preproc_bold+.feat/report_log.html
/data/projects/istart-mid/code/L1stats.sh 1010 1 0
/data/projects/istart-mid/code/L1stats.sh: line 137: OUTPUT-/data/projects/istart-mid/derivatives/fsl/sub-1010/L1_task-mid_model-3_type-act_run-1: No such file or directory
To view the FEAT progress and final report, point your web browser at /data/projects/istart-data/derivatives/fmriprep/sub-1010/func/sub-1010_task-mid_run-1_space-MNI152NLin2009cAsym_desc-preproc_bold+.feat/report_log.html
/data/projects/istart-mid/code/L1stats.sh 1010 2 0
/data/projects/istart-mid/code/L1stats.sh: line 137: OUTPUT-/data/projects/istart-mid/derivatives/fsl/sub-1010/L1_task-mid_model-3_type-act_run-2: No such file or directory
To view the FEAT progress and final report, point your web browser at /data/projects/istart-data/derivatives/fmriprep/sub-1010/func/sub-1010_task-mid_run-2_space-MNI152NLin2009cAsym_desc-preproc_bold+.feat/report_log.html
/data/projects/istart-mid/code/L1stats.sh 1011 1 0
/data/projects/istart-mid/code/L1stats.sh: line 137: OUTPUT-/data/projects/istart-mid/derivatives/fsl/sub-1011/L1_task-mid_model-3_type-act_run-1: No such file or directory
To view the FEAT progress and final report, point your web browser at /data/projects/istart-data/derivatives/fmriprep/sub-1011/func/sub-1011_task-mid_run-1_space-MNI152NLin2009cAsym_desc-preproc_bold+.feat/report_log.html
ln: failed to create symbolic link '.feat/reg/example_func2standard.mat': File exists
ln: failed to create symbolic link '.feat/reg/standard2example_func.mat': File exists
ln: failed to create symbolic link '.feat/reg/standard.nii.gz': File exists
/data/projects/istart-mid/code/L1stats.sh 1011 2 0
/data/projects/istart-mid/code/L1stats.sh: line 137: OUTPUT-/data/projects/istart-mid/derivatives/fsl/sub-1011/L1_task-mid_model-3_type-act_run-2: No such file or directory
To view the FEAT progress and final report, point your web browser at /data/projects/istart-data/derivatives/fmriprep/sub-1011/func/sub-1011_task-mid_run-2_space-MNI152NLin2009cAsym_desc-preproc_bold+.feat/report_log.html
/data/projects/istart-mid/code/L1stats.sh 1012 1 0
/data/projects/istart-mid/code/L1stats.sh: line 137: OUTPUT-/data/projects/istart-mid/derivatives/fsl/sub-1012/L1_task-mid_model-3_type-act_run-1: No such file or directory
To view the FEAT progress and final report, point your web browser at /data/projects/istart-data/derivatives/fmriprep/sub-1012/func/sub-1012_task-mid_run-1_space-MNI152NLin2009cAsym_desc-preproc_bold+.feat/report_log.html
/data/projects/istart-mid/code/L1stats.sh 1012 2 0
/data/projects/istart-mid/code/L1stats.sh: line 137: OUTPUT-/data/projects/istart-mid/derivatives/fsl/sub-1012/L1_task-mid_model-3_type-act_run-2: No such file or directory
To view the FEAT progress and final report, point your web browser at /data/projects/istart-data/derivatives/fmriprep/sub-1012/func/sub-1012_task-mid_run-2_space-MNI152NLin2009cAsym_desc-preproc_bold+.feat/report_log.html
/data/projects/istart-mid/code/L1stats.sh 1016 1 0
/data/projects/istart-mid/code/L1stats.sh: line 137: OUTPUT-/data/projects/istart-mid/derivatives/fsl/sub-1016/L1_task-mid_model-3_type-act_run-1: No such file or directory
To view the FEAT progress and final report, point your web browser at /data/projects/istart-data/derivatives/fmriprep/sub-1016/func/sub-1016_task-mid_run-1_space-MNI152NLin2009cAsym_desc-preproc_bold+.feat/report_log.html
/data/projects/istart-mid/code/L1stats.sh 1016 2 0
/data/projects/istart-mid/code/L1stats.sh: line 137: OUTPUT-/data/projects/istart-mid/derivatives/fsl/sub-1016/L1_task-mid_model-3_type-act_run-2: No such file or directory
To view the FEAT progress and final report, point your web browser at /data/projects/istart-data/derivatives/fmriprep/sub-1016/func/sub-1016_task-mid_run-2_space-MNI152NLin2009cAsym_desc-preproc_bold+.feat/report_log.html
/data/projects/istart-mid/code/L1stats.sh 1019 1 0
/data/projects/istart-mid/code/L1stats.sh: line 137: OUTPUT-/data/projects/istart-mid/derivatives/fsl/sub-1019/L1_task-mid_model-3_type-act_run-1: No such file or directory
To view the FEAT progress and final report, point your web browser at /data/projects/istart-data/derivatives/fmriprep/sub-1019/func/sub-1019_task-mid_run-1_space-MNI152NLin2009cAsym_desc-preproc_bold+.feat/report_log.html
/data/projects/istart-mid/code/L1stats.sh 1019 2 0
/data/projects/istart-mid/code/L1stats.sh: line 137: OUTPUT-/data/projects/istart-mid/derivatives/fsl/sub-1019/L1_task-mid_model-3_type-act_run-2: No such file or directory
To view the FEAT progress and final report, point your web browser at /data/projects/istart-data/derivatives/fmriprep/sub-1019/func/sub-1019_task-mid_run-2_space-MNI152NLin2009cAsym_desc-preproc_bold+.feat/report_log.html
ln: failed to create symbolic link '.feat/reg/example_func2standard.mat': File exists
ln: failed to create symbolic link '.feat/reg/standard2example_func.mat': File exists
ln: failed to create symbolic link '.feat/reg/standard.nii.gz': File exists
/data/projects/istart-mid/code/L1stats.sh 1021 1 0
/data/projects/istart-mid/code/L1stats.sh: line 137: OUTPUT-/data/projects/istart-mid/derivatives/fsl/sub-1021/L1_task-mid_model-3_type-act_run-1: No such file or directory
/data/projects/istart-mid/code/L1stats.sh 1021 2 0
/data/projects/istart-mid/code/L1stats.sh: line 137: OUTPUT-/data/projects/istart-mid/derivatives/fsl/sub-1021/L1_task-mid_model-3_type-act_run-2: No such file or directory
To view the FEAT progress and final report, point your web browser at /data/projects/istart-data/derivatives/fmriprep/sub-1021/func/sub-1021_task-mid_run-1_space-MNI152NLin2009cAsym_desc-preproc_bold+.feat/report_log.html
To view the FEAT progress and final report, point your web browser at /data/projects/istart-data/derivatives/fmriprep/sub-1021/func/sub-1021_task-mid_run-2_space-MNI152NLin2009cAsym_desc-preproc_bold+.feat/report_log.html
/data/projects/istart-mid/code/L1stats.sh 1240 1 0
/data/projects/istart-mid/code/L1stats.sh 1240 2 0
/data/projects/istart-mid/code/L1stats.sh 1242 1 0
/data/projects/istart-mid/code/L1stats.sh: line 137: OUTPUT-/data/projects/istart-mid/derivatives/fsl/sub-1242/L1_task-mid_model-3_type-act_run-1: No such file or directory
To view the FEAT progress and final report, point your web browser at /data/projects/istart-data/derivatives/fmriprep/sub-1242/func/sub-1242_task-mid_run-1_space-MNI152NLin2009cAsym_desc-preproc_bold+.feat/report_log.html
/data/projects/istart-mid/code/L1stats.sh 1242 2 0
ln: failed to create symbolic link '.feat/reg/example_func2standard.mat': File exists
ln: failed to create symbolic link '.feat/reg/standard2example_func.mat': File exists
ln: failed to create symbolic link '.feat/reg/standard.nii.gz': File exists
/data/projects/istart-mid/code/L1stats.sh 1243 1 0
/data/projects/istart-mid/code/L1stats.sh: line 137: OUTPUT-/data/projects/istart-mid/derivatives/fsl/sub-1243/L1_task-mid_model-3_type-act_run-1: No such file or directory
To view the FEAT progress and final report, point your web browser at /data/projects/istart-data/derivatives/fmriprep/sub-1243/func/sub-1243_task-mid_run-1_space-MNI152NLin2009cAsym_desc-preproc_bold+.feat/report_log.html
/data/projects/istart-mid/code/L1stats.sh 1243 2 0
/data/projects/istart-mid/code/L1stats.sh: line 137: OUTPUT-/data/projects/istart-mid/derivatives/fsl/sub-1243/L1_task-mid_model-3_type-act_run-2: No such file or directory
To view the FEAT progress and final report, point your web browser at /data/projects/istart-data/derivatives/fmriprep/sub-1243/func/sub-1243_task-mid_run-2_space-MNI152NLin2009cAsym_desc-preproc_bold+.feat/report_log.html
/data/projects/istart-mid/code/L1stats.sh 1244 1 0
/data/projects/istart-mid/code/L1stats.sh: line 137: OUTPUT-/data/projects/istart-mid/derivatives/fsl/sub-1244/L1_task-mid_model-3_type-act_run-1: No such file or directory
To view the FEAT progress and final report, point your web browser at /data/projects/istart-data/derivatives/fmriprep/sub-1244/func/sub-1244_task-mid_run-1_space-MNI152NLin2009cAsym_desc-preproc_bold+.feat/report_log.html
/data/projects/istart-mid/code/L1stats.sh 1244 2 0
/data/projects/istart-mid/code/L1stats.sh: line 137: OUTPUT-/data/projects/istart-mid/derivatives/fsl/sub-1244/L1_task-mid_model-3_type-act_run-2: No such file or directory
To view the FEAT progress and final report, point your web browser at /data/projects/istart-data/derivatives/fmriprep/sub-1244/func/sub-1244_task-mid_run-2_space-MNI152NLin2009cAsym_desc-preproc_bold+.feat/report_log.html
/data/projects/istart-mid/code/L1stats.sh 1245 1 0
/data/projects/istart-mid/code/L1stats.sh: line 137: OUTPUT-/data/projects/istart-mid/derivatives/fsl/sub-1245/L1_task-mid_model-3_type-act_run-1: No such file or directory
To view the FEAT progress and final report, point your web browser at /data/projects/istart-data/derivatives/fmriprep/sub-1245/func/sub-1245_task-mid_run-1_space-MNI152NLin2009cAsym_desc-preproc_bold+.feat/report_log.html
/data/projects/istart-mid/code/L1stats.sh 1245 2 0
/data/projects/istart-mid/code/L1stats.sh: line 137: OUTPUT-/data/projects/istart-mid/derivatives/fsl/sub-1245/L1_task-mid_model-3_type-act_run-2: No such file or directory
To view the FEAT progress and final report, point your web browser at /data/projects/istart-data/derivatives/fmriprep/sub-1245/func/sub-1245_task-mid_run-2_space-MNI152NLin2009cAsym_desc-preproc_bold+.feat/report_log.html
ln: failed to create symbolic link '.feat/reg/example_func2standard.mat': File exists
ln: failed to create symbolic link '.feat/reg/standard2example_func.mat': File exists
ln: failed to create symbolic link '.feat/reg/standard.nii.gz': File exists
/data/projects/istart-mid/code/L1stats.sh 1247 1 0
/data/projects/istart-mid/code/L1stats.sh: line 137: OUTPUT-/data/projects/istart-mid/derivatives/fsl/sub-1247/L1_task-mid_model-3_type-act_run-1: No such file or directory
To view the FEAT progress and final report, point your web browser at /data/projects/istart-data/derivatives/fmriprep/sub-1247/func/sub-1247_task-mid_run-1_space-MNI152NLin2009cAsym_desc-preproc_bold+.feat/report_log.html
/data/projects/istart-mid/code/L1stats.sh 1247 2 0
/data/projects/istart-mid/code/L1stats.sh: line 137: OUTPUT-/data/projects/istart-mid/derivatives/fsl/sub-1247/L1_task-mid_model-3_type-act_run-2: No such file or directory
To view the FEAT progress and final report, point your web browser at /data/projects/istart-data/derivatives/fmriprep/sub-1247/func/sub-1247_task-mid_run-2_space-MNI152NLin2009cAsym_desc-preproc_bold+.feat/report_log.html
ln: failed to create symbolic link '.feat/reg/example_func2standard.mat': File exists
ln: failed to create symbolic link '.feat/reg/standard2example_func.mat': File exists
ln: failed to create symbolic link '.feat/reg/standard.nii.gz': File exists
/data/projects/istart-mid/code/L1stats.sh 1248 1 0
/data/projects/istart-mid/code/L1stats.sh: line 137: OUTPUT-/data/projects/istart-mid/derivatives/fsl/sub-1248/L1_task-mid_model-3_type-act_run-1: No such file or directory
To view the FEAT progress and final report, point your web browser at /data/projects/istart-data/derivatives/fmriprep/sub-1248/func/sub-1248_task-mid_run-1_space-MNI152NLin2009cAsym_desc-preproc_bold+.feat/report_log.html
/data/projects/istart-mid/code/L1stats.sh 1248 2 0
/data/projects/istart-mid/code/L1stats.sh: line 137: OUTPUT-/data/projects/istart-mid/derivatives/fsl/sub-1248/L1_task-mid_model-3_type-act_run-2: No such file or directory
To view the FEAT progress and final report, point your web browser at /data/projects/istart-data/derivatives/fmriprep/sub-1248/func/sub-1248_task-mid_run-2_space-MNI152NLin2009cAsym_desc-preproc_bold+.feat/report_log.html
/data/projects/istart-mid/code/L1stats.sh 1249 1 0
/data/projects/istart-mid/code/L1stats.sh: line 137: OUTPUT-/data/projects/istart-mid/derivatives/fsl/sub-1249/L1_task-mid_model-3_type-act_run-1: No such file or directory
To view the FEAT progress and final report, point your web browser at /data/projects/istart-data/derivatives/fmriprep/sub-1249/func/sub-1249_task-mid_run-1_space-MNI152NLin2009cAsym_desc-preproc_bold+.feat/report_log.html
/data/projects/istart-mid/code/L1stats.sh 1249 2 0
/data/projects/istart-mid/code/L1stats.sh: line 137: OUTPUT-/data/projects/istart-mid/derivatives/fsl/sub-1249/L1_task-mid_model-3_type-act_run-2: No such file or directory
To view the FEAT progress and final report, point your web browser at /data/projects/istart-data/derivatives/fmriprep/sub-1249/func/sub-1249_task-mid_run-2_space-MNI152NLin2009cAsym_desc-preproc_bold+.feat/report_log.html
ln: failed to create symbolic link '.feat/reg/example_func2standard.mat': File exists
ln: failed to create symbolic link '.feat/reg/standard2example_func.mat': File exists
ln: failed to create symbolic link '.feat/reg/standard.nii.gz': File exists
/data/projects/istart-mid/code/L1stats.sh 1251 1 0
/data/projects/istart-mid/code/L1stats.sh 1251 2 0
/data/projects/istart-mid/code/L1stats.sh 1253 1 0
/data/projects/istart-mid/code/L1stats.sh: line 137: OUTPUT-/data/projects/istart-mid/derivatives/fsl/sub-1253/L1_task-mid_model-3_type-act_run-1: No such file or directory
child process exited abnormally
    while executing
"fsl:exec "${FSLDIR}/bin/feat_model design" $fmri(featModelOpts) -N feat0_model -l logs "
    (procedure "firstLevelMaster" line 43)
    invoked from within
"firstLevelMaster $session"
    invoked from within
"if { $done_something == 0 } {

    if { ! $fmri(inmelodic) } {
       if { $fmri(level) == 1 } {
	      for { set session 1 } { $session <= $fmri(mult..."
    (file "/usr/share/fsl/6.0.3/bin/feat" line 390)
/data/projects/istart-mid/code/L1stats.sh 1253 2 0
/data/projects/istart-mid/code/L1stats.sh: line 137: OUTPUT-/data/projects/istart-mid/derivatives/fsl/sub-1253/L1_task-mid_model-3_type-act_run-2: No such file or directory
child process exited abnormally
    while executing
"fsl:exec "${FSLDIR}/bin/feat_model design" $fmri(featModelOpts) -N feat0_model -l logs "
    (procedure "firstLevelMaster" line 43)
    invoked from within
"firstLevelMaster $session"
    invoked from within
"if { $done_something == 0 } {

    if { ! $fmri(inmelodic) } {
       if { $fmri(level) == 1 } {
	      for { set session 1 } { $session <= $fmri(mult..."
    (file "/usr/share/fsl/6.0.3/bin/feat" line 390)
/data/projects/istart-mid/code/L1stats.sh 1255 1 0
/data/projects/istart-mid/code/L1stats.sh: line 137: OUTPUT-/data/projects/istart-mid/derivatives/fsl/sub-1255/L1_task-mid_model-3_type-act_run-1: No such file or directory
To view the FEAT progress and final report, point your web browser at /data/projects/istart-data/derivatives/fmriprep/sub-1255/func/sub-1255_task-mid_run-1_space-MNI152NLin2009cAsym_desc-preproc_bold+.feat/report_log.html
/data/projects/istart-mid/code/L1stats.sh 1255 2 0
/data/projects/istart-mid/code/L1stats.sh: line 137: OUTPUT-/data/projects/istart-mid/derivatives/fsl/sub-1255/L1_task-mid_model-3_type-act_run-2: No such file or directory
To view the FEAT progress and final report, point your web browser at /data/projects/istart-data/derivatives/fmriprep/sub-1255/func/sub-1255_task-mid_run-2_space-MNI152NLin2009cAsym_desc-preproc_bold+.feat/report_log.html
/data/projects/istart-mid/code/L1stats.sh 1276 1 0
/data/projects/istart-mid/code/L1stats.sh: line 137: OUTPUT-/data/projects/istart-mid/derivatives/fsl/sub-1276/L1_task-mid_model-3_type-act_run-1: No such file or directory
To view the FEAT progress and final report, point your web browser at /data/projects/istart-data/derivatives/fmriprep/sub-1276/func/sub-1276_task-mid_run-1_space-MNI152NLin2009cAsym_desc-preproc_bold+.feat/report_log.html
/data/projects/istart-mid/code/L1stats.sh 1276 2 0
/data/projects/istart-mid/code/L1stats.sh 1282 1 0
/data/projects/istart-mid/code/L1stats.sh: line 137: OUTPUT-/data/projects/istart-mid/derivatives/fsl/sub-1282/L1_task-mid_model-3_type-act_run-1: No such file or directory
To view the FEAT progress and final report, point your web browser at /data/projects/istart-data/derivatives/fmriprep/sub-1282/func/sub-1282_task-mid_run-1_space-MNI152NLin2009cAsym_desc-preproc_bold+.feat/report_log.html
/data/projects/istart-mid/code/L1stats.sh 1282 2 0
/data/projects/istart-mid/code/L1stats.sh 1285 1 0
/data/projects/istart-mid/code/L1stats.sh 1285 2 0
/data/projects/istart-mid/code/L1stats.sh 1286 1 0
/data/projects/istart-mid/code/L1stats.sh: line 137: OUTPUT-/data/projects/istart-mid/derivatives/fsl/sub-1286/L1_task-mid_model-3_type-act_run-1: No such file or directory
To view the FEAT progress and final report, point your web browser at /data/projects/istart-data/derivatives/fmriprep/sub-1286/func/sub-1286_task-mid_run-1_space-MNI152NLin2009cAsym_desc-preproc_bold+.feat/report_log.html
child process exited abnormally
    while executing
"fsl:exec "${FSLDIR}/bin/feat ${fsfroot}.fsf -D $FD -I $session -stats" -b $howlong -h $prestatsID -N feat3_film -l logs "
    (procedure "firstLevelMaster" line 190)
    invoked from within
"firstLevelMaster $session"
    invoked from within
"if { $done_something == 0 } {

    if { ! $fmri(inmelodic) } {
       if { $fmri(level) == 1 } {
	      for { set session 1 } { $session <= $fmri(mult..."
    (file "/usr/share/fsl/6.0.3/bin/feat" line 390)
/data/projects/istart-mid/code/L1stats.sh 1286 2 0
/data/projects/istart-mid/code/L1stats.sh: line 137: OUTPUT-/data/projects/istart-mid/derivatives/fsl/sub-1286/L1_task-mid_model-3_type-act_run-2: No such file or directory
child process exited abnormally
    while executing
"fsl:exec "${FSLDIR}/bin/feat_model design" $fmri(featModelOpts) -N feat0_model -l logs "
    (procedure "firstLevelMaster" line 43)
    invoked from within
"firstLevelMaster $session"
    invoked from within
"if { $done_something == 0 } {

    if { ! $fmri(inmelodic) } {
       if { $fmri(level) == 1 } {
	      for { set session 1 } { $session <= $fmri(mult..."
    (file "/usr/share/fsl/6.0.3/bin/feat" line 390)
/data/projects/istart-mid/code/L1stats.sh 1294 1 0
/data/projects/istart-mid/code/L1stats.sh: line 137: OUTPUT-/data/projects/istart-mid/derivatives/fsl/sub-1294/L1_task-mid_model-3_type-act_run-1: No such file or directory
To view the FEAT progress and final report, point your web browser at /data/projects/istart-data/derivatives/fmriprep/sub-1294/func/sub-1294_task-mid_run-1_space-MNI152NLin2009cAsym_desc-preproc_bold+.feat/report_log.html
child process exited abnormally
    while executing
"fsl:exec "${FSLDIR}/bin/feat ${fsfroot}.fsf -D $FD -I $session -stats" -b $howlong -h $prestatsID -N feat3_film -l logs "
    (procedure "firstLevelMaster" line 190)
    invoked from within
"firstLevelMaster $session"
    invoked from within
"if { $done_something == 0 } {

    if { ! $fmri(inmelodic) } {
       if { $fmri(level) == 1 } {
	      for { set session 1 } { $session <= $fmri(mult..."
    (file "/usr/share/fsl/6.0.3/bin/feat" line 390)
/data/projects/istart-mid/code/L1stats.sh 1294 2 0
/data/projects/istart-mid/code/L1stats.sh 1300 1 0
/data/projects/istart-mid/code/L1stats.sh: line 137: OUTPUT-/data/projects/istart-mid/derivatives/fsl/sub-1300/L1_task-mid_model-3_type-act_run-1: No such file or directory
To view the FEAT progress and final report, point your web browser at /data/projects/istart-data/derivatives/fmriprep/sub-1300/func/sub-1300_task-mid_run-1_space-MNI152NLin2009cAsym_desc-preproc_bold+.feat/report_log.html
child process exited abnormally
    while executing
"fsl:exec "${FSLDIR}/bin/feat ${fsfroot}.fsf -D $FD -I $session -stats" -b $howlong -h $prestatsID -N feat3_film -l logs "
    (procedure "firstLevelMaster" line 190)
    invoked from within
"firstLevelMaster $session"
    invoked from within
"if { $done_something == 0 } {

    if { ! $fmri(inmelodic) } {
       if { $fmri(level) == 1 } {
	      for { set session 1 } { $session <= $fmri(mult..."
    (file "/usr/share/fsl/6.0.3/bin/feat" line 390)
/data/projects/istart-mid/code/L1stats.sh 1300 2 0
/data/projects/istart-mid/code/L1stats.sh: line 137: OUTPUT-/data/projects/istart-mid/derivatives/fsl/sub-1300/L1_task-mid_model-3_type-act_run-2: No such file or directory
To view the FEAT progress and final report, point your web browser at /data/projects/istart-data/derivatives/fmriprep/sub-1300/func/sub-1300_task-mid_run-2_space-MNI152NLin2009cAsym_desc-preproc_bold+.feat/report_log.html
ln: failed to create symbolic link '.feat/reg/example_func2standard.mat': File exists
ln: failed to create symbolic link '.feat/reg/standard2example_func.mat': File exists
ln: failed to create symbolic link '.feat/reg/standard.nii.gz': File exists
/data/projects/istart-mid/code/L1stats.sh 1301 1 0
/data/projects/istart-mid/code/L1stats.sh: line 137: OUTPUT-/data/projects/istart-mid/derivatives/fsl/sub-1301/L1_task-mid_model-3_type-act_run-1: No such file or directory
To view the FEAT progress and final report, point your web browser at /data/projects/istart-data/derivatives/fmriprep/sub-1301/func/sub-1301_task-mid_run-1_space-MNI152NLin2009cAsym_desc-preproc_bold+.feat/report_log.html
/data/projects/istart-mid/code/L1stats.sh 1301 2 0
/data/projects/istart-mid/code/L1stats.sh: line 137: OUTPUT-/data/projects/istart-mid/derivatives/fsl/sub-1301/L1_task-mid_model-3_type-act_run-2: No such file or directory
To view the FEAT progress and final report, point your web browser at /data/projects/istart-data/derivatives/fmriprep/sub-1301/func/sub-1301_task-mid_run-2_space-MNI152NLin2009cAsym_desc-preproc_bold+.feat/report_log.html
/data/projects/istart-mid/code/L1stats.sh 1302 1 0
/data/projects/istart-mid/code/L1stats.sh: line 137: OUTPUT-/data/projects/istart-mid/derivatives/fsl/sub-1302/L1_task-mid_model-3_type-act_run-1: No such file or directory
To view the FEAT progress and final report, point your web browser at /data/projects/istart-data/derivatives/fmriprep/sub-1302/func/sub-1302_task-mid_run-1_space-MNI152NLin2009cAsym_desc-preproc_bold+.feat/report_log.html
/data/projects/istart-mid/code/L1stats.sh 1302 2 0
/data/projects/istart-mid/code/L1stats.sh 3101 1 0
/data/projects/istart-mid/code/L1stats.sh: line 137: OUTPUT-/data/projects/istart-mid/derivatives/fsl/sub-3101/L1_task-mid_model-3_type-act_run-1: No such file or directory
child process exited abnormally
    while executing
"fsl:exec "${FSLDIR}/bin/feat_model design" $fmri(featModelOpts) -N feat0_model -l logs "
    (procedure "firstLevelMaster" line 43)
    invoked from within
"firstLevelMaster $session"
    invoked from within
"if { $done_something == 0 } {

    if { ! $fmri(inmelodic) } {
       if { $fmri(level) == 1 } {
	      for { set session 1 } { $session <= $fmri(mult..."
    (file "/usr/share/fsl/6.0.3/bin/feat" line 390)
/data/projects/istart-mid/code/L1stats.sh 3101 2 0
/data/projects/istart-mid/code/L1stats.sh 3116 1 0
/data/projects/istart-mid/code/L1stats.sh: line 137: OUTPUT-/data/projects/istart-mid/derivatives/fsl/sub-3116/L1_task-mid_model-3_type-act_run-1: No such file or directory
To view the FEAT progress and final report, point your web browser at /data/projects/istart-data/derivatives/fmriprep/sub-3116/func/sub-3116_task-mid_run-1_space-MNI152NLin2009cAsym_desc-preproc_bold+.feat/report_log.html
child process exited abnormally
    while executing
"fsl:exec "${FSLDIR}/bin/feat ${fsfroot}.fsf -D $FD -I $session -stats" -b $howlong -h $prestatsID -N feat3_film -l logs "
    (procedure "firstLevelMaster" line 190)
    invoked from within
"firstLevelMaster $session"
    invoked from within
"if { $done_something == 0 } {

    if { ! $fmri(inmelodic) } {
       if { $fmri(level) == 1 } {
	      for { set session 1 } { $session <= $fmri(mult..."
    (file "/usr/share/fsl/6.0.3/bin/feat" line 390)
/data/projects/istart-mid/code/L1stats.sh 3116 2 0
/data/projects/istart-mid/code/L1stats.sh 3122 1 0
/data/projects/istart-mid/code/L1stats.sh: line 137: OUTPUT-/data/projects/istart-mid/derivatives/fsl/sub-3122/L1_task-mid_model-3_type-act_run-1: No such file or directory
child process exited abnormally
    while executing
"fsl:exec "${FSLDIR}/bin/feat_model design" $fmri(featModelOpts) -N feat0_model -l logs "
    (procedure "firstLevelMaster" line 43)
    invoked from within
"firstLevelMaster $session"
    invoked from within
"if { $done_something == 0 } {

    if { ! $fmri(inmelodic) } {
       if { $fmri(level) == 1 } {
	      for { set session 1 } { $session <= $fmri(mult..."
    (file "/usr/share/fsl/6.0.3/bin/feat" line 390)
/data/projects/istart-mid/code/L1stats.sh 3122 2 0
/data/projects/istart-mid/code/L1stats.sh 3140 1 0
/data/projects/istart-mid/code/L1stats.sh: line 137: OUTPUT-/data/projects/istart-mid/derivatives/fsl/sub-3140/L1_task-mid_model-3_type-act_run-1: No such file or directory
To view the FEAT progress and final report, point your web browser at /data/projects/istart-data/derivatives/fmriprep/sub-3140/func/sub-3140_task-mid_run-1_space-MNI152NLin2009cAsym_desc-preproc_bold+.feat/report_log.html
/data/projects/istart-mid/code/L1stats.sh 3140 2 0
/data/projects/istart-mid/code/L1stats.sh 3143 1 0
/data/projects/istart-mid/code/L1stats.sh: line 137: OUTPUT-/data/projects/istart-mid/derivatives/fsl/sub-3143/L1_task-mid_model-3_type-act_run-1: No such file or directory
To view the FEAT progress and final report, point your web browser at /data/projects/istart-data/derivatives/fmriprep/sub-3143/func/sub-3143_task-mid_run-1_space-MNI152NLin2009cAsym_desc-preproc_bold+.feat/report_log.html
child process exited abnormally
    while executing
"fsl:exec "${FSLDIR}/bin/feat ${fsfroot}.fsf -D $FD -I $session -stats" -b $howlong -h $prestatsID -N feat3_film -l logs "
    (procedure "firstLevelMaster" line 190)
    invoked from within
"firstLevelMaster $session"
    invoked from within
"if { $done_something == 0 } {

    if { ! $fmri(inmelodic) } {
       if { $fmri(level) == 1 } {
	      for { set session 1 } { $session <= $fmri(mult..."
    (file "/usr/share/fsl/6.0.3/bin/feat" line 390)
/data/projects/istart-mid/code/L1stats.sh 3143 2 0
/data/projects/istart-mid/code/L1stats.sh 3166 1 0
/data/projects/istart-mid/code/L1stats.sh: line 137: OUTPUT-/data/projects/istart-mid/derivatives/fsl/sub-3166/L1_task-mid_model-3_type-act_run-1: No such file or directory
To view the FEAT progress and final report, point your web browser at /data/projects/istart-data/derivatives/fmriprep/sub-3166/func/sub-3166_task-mid_run-1_space-MNI152NLin2009cAsym_desc-preproc_bold+.feat/report_log.html
/data/projects/istart-mid/code/L1stats.sh 3166 2 0
/data/projects/istart-mid/code/L1stats.sh 3173 1 0
/data/projects/istart-mid/code/L1stats.sh: line 137: OUTPUT-/data/projects/istart-mid/derivatives/fsl/sub-3173/L1_task-mid_model-3_type-act_run-1: No such file or directory
To view the FEAT progress and final report, point your web browser at /data/projects/istart-data/derivatives/fmriprep/sub-3173/func/sub-3173_task-mid_run-1_space-MNI152NLin2009cAsym_desc-preproc_bold+.feat/report_log.html
child process exited abnormally
    while executing
"fsl:exec "${FSLDIR}/bin/feat ${fsfroot}.fsf -D $FD -I $session -stats" -b $howlong -h $prestatsID -N feat3_film -l logs "
    (procedure "firstLevelMaster" line 190)
    invoked from within
"firstLevelMaster $session"
    invoked from within
"if { $done_something == 0 } {

    if { ! $fmri(inmelodic) } {
       if { $fmri(level) == 1 } {
	      for { set session 1 } { $session <= $fmri(mult..."
    (file "/usr/share/fsl/6.0.3/bin/feat" line 390)
/data/projects/istart-mid/code/L1stats.sh 3173 2 0
/data/projects/istart-mid/code/L1stats.sh 3176 1 0
/data/projects/istart-mid/code/L1stats.sh: line 137: OUTPUT-/data/projects/istart-mid/derivatives/fsl/sub-3176/L1_task-mid_model-3_type-act_run-1: No such file or directory
To view the FEAT progress and final report, point your web browser at /data/projects/istart-data/derivatives/fmriprep/sub-3176/func/sub-3176_task-mid_run-1_space-MNI152NLin2009cAsym_desc-preproc_bold+.feat/report_log.html
child process exited abnormally
    while executing
"fsl:exec "${FSLDIR}/bin/feat ${fsfroot}.fsf -D $FD -I $session -stats" -b $howlong -h $prestatsID -N feat3_film -l logs "
    (procedure "firstLevelMaster" line 190)
    invoked from within
"firstLevelMaster $session"
    invoked from within
"if { $done_something == 0 } {

    if { ! $fmri(inmelodic) } {
       if { $fmri(level) == 1 } {
	      for { set session 1 } { $session <= $fmri(mult..."
    (file "/usr/share/fsl/6.0.3/bin/feat" line 390)
/data/projects/istart-mid/code/L1stats.sh 3176 2 0
/data/projects/istart-mid/code/L1stats.sh 3186 1 0
/data/projects/istart-mid/code/L1stats.sh 3186 2 0
/data/projects/istart-mid/code/L1stats.sh 3189 1 0
/data/projects/istart-mid/code/L1stats.sh: line 137: OUTPUT-/data/projects/istart-mid/derivatives/fsl/sub-3189/L1_task-mid_model-3_type-act_run-1: No such file or directory
To view the FEAT progress and final report, point your web browser at /data/projects/istart-data/derivatives/fmriprep/sub-3189/func/sub-3189_task-mid_run-1_space-MNI152NLin2009cAsym_desc-preproc_bold+.feat/report_log.html
child process exited abnormally
    while executing
"fsl:exec "${FSLDIR}/bin/feat ${fsfroot}.fsf -D $FD -I $session -stats" -b $howlong -h $prestatsID -N feat3_film -l logs "
    (procedure "firstLevelMaster" line 190)
    invoked from within
"firstLevelMaster $session"
    invoked from within
"if { $done_something == 0 } {

    if { ! $fmri(inmelodic) } {
       if { $fmri(level) == 1 } {
	      for { set session 1 } { $session <= $fmri(mult..."
    (file "/usr/share/fsl/6.0.3/bin/feat" line 390)
/data/projects/istart-mid/code/L1stats.sh 3189 2 0
/data/projects/istart-mid/code/L1stats.sh 3190 1 0
/data/projects/istart-mid/code/L1stats.sh: line 137: OUTPUT-/data/projects/istart-mid/derivatives/fsl/sub-3190/L1_task-mid_model-3_type-act_run-1: No such file or directory
To view the FEAT progress and final report, point your web browser at /data/projects/istart-data/derivatives/fmriprep/sub-3190/func/sub-3190_task-mid_run-1_space-MNI152NLin2009cAsym_desc-preproc_bold+.feat/report_log.html
/data/projects/istart-mid/code/L1stats.sh 3190 2 0
ln: failed to create symbolic link '.feat/reg/example_func2standard.mat': File exists
ln: failed to create symbolic link '.feat/reg/standard2example_func.mat': File exists
ln: failed to create symbolic link '.feat/reg/standard.nii.gz': File exists
child process exited abnormally
    while executing
"fsl:exec "${FSLDIR}/bin/feat ${fsfroot}.fsf -D $FD -I $session -stats" -b $howlong -h $prestatsID -N feat3_film -l logs "
    (procedure "firstLevelMaster" line 190)
    invoked from within
"firstLevelMaster $session"
    invoked from within
"if { $done_something == 0 } {

    if { ! $fmri(inmelodic) } {
       if { $fmri(level) == 1 } {
	      for { set session 1 } { $session <= $fmri(mult..."
    (file "/usr/share/fsl/6.0.3/bin/feat" line 390)
ln: failed to create symbolic link '.feat/reg/example_func2standard.mat': File exists
ln: failed to create symbolic link '.feat/reg/standard2example_func.mat': File exists
ln: failed to create symbolic link '.feat/reg/standard.nii.gz': File exists
child process exited abnormally
    while executing
"fsl:exec "${FSLDIR}/bin/feat ${fsfroot}.fsf -D $FD -I $session -stats" -b $howlong -h $prestatsID -N feat3_film -l logs "
    (procedure "firstLevelMaster" line 190)
    invoked from within
"firstLevelMaster $session"
    invoked from within
"if { $done_something == 0 } {

    if { ! $fmri(inmelodic) } {
       if { $fmri(level) == 1 } {
	      for { set session 1 } { $session <= $fmri(mult..."
    (file "/usr/share/fsl/6.0.3/bin/feat" line 390)
ln: failed to create symbolic link '.feat/reg/example_func2standard.mat': File exists
ln: failed to create symbolic link '.feat/reg/standard2example_func.mat': File exists
ln: failed to create symbolic link '.feat/reg/standard.nii.gz': File exists
child process exited abnormally
    while executing
"fsl:exec "${FSLDIR}/bin/feat ${fsfroot}.fsf -D $FD -I $session -stats" -b $howlong -h $prestatsID -N feat3_film -l logs "
    (procedure "firstLevelMaster" line 190)
    invoked from within
"firstLevelMaster $session"
    invoked from within
"if { $done_something == 0 } {

    if { ! $fmri(inmelodic) } {
       if { $fmri(level) == 1 } {
	      for { set session 1 } { $session <= $fmri(mult..."
    (file "/usr/share/fsl/6.0.3/bin/feat" line 390)
ln: failed to create symbolic link '.feat/reg/example_func2standard.mat': File exists
ln: failed to create symbolic link '.feat/reg/standard2example_func.mat': File exists
ln: failed to create symbolic link '.feat/reg/standard.nii.gz': File exists
child process exited abnormally
    while executing
"fsl:exec "${FSLDIR}/bin/feat ${fsfroot}.fsf -D $FD -I $session -stats" -b $howlong -h $prestatsID -N feat3_film -l logs "
    (procedure "firstLevelMaster" line 190)
    invoked from within
"firstLevelMaster $session"
    invoked from within
"if { $done_something == 0 } {

    if { ! $fmri(inmelodic) } {
       if { $fmri(level) == 1 } {
	      for { set session 1 } { $session <= $fmri(mult..."
    (file "/usr/share/fsl/6.0.3/bin/feat" line 390)
ln: failed to create symbolic link '.feat/reg/example_func2standard.mat': File exists
ln: failed to create symbolic link '.feat/reg/standard2example_func.mat': File exists
ln: failed to create symbolic link '.feat/reg/standard.nii.gz': File exists
