To view the FEAT progress and final report, point your web browser at /data/projects/istart-mid/derivatives/fsl/sub-1001/L2_task-mid_model-3_type-act.gfeat/report_log.html
To view the FEAT progress and final report, point your web browser at /data/projects/istart-mid/derivatives/fsl/sub-1002/L2_task-mid_model-3_type-act.gfeat/report_log.html
Subject: 1003 has 1 runs instead of 2
To view the FEAT progress and final report, point your web browser at /data/projects/istart-mid/derivatives/fsl/sub-1004/L2_task-mid_model-3_type-act.gfeat/report_log.html
Subject: 1006 has 1 runs instead of 2
To view the FEAT progress and final report, point your web browser at /data/projects/istart-mid/derivatives/fsl/sub-1007/L2_task-mid_model-3_type-act.gfeat/report_log.html
To view the FEAT progress and final report, point your web browser at /data/projects/istart-mid/derivatives/fsl/sub-1009/L2_task-mid_model-3_type-act.gfeat/report_log.html
To view the FEAT progress and final report, point your web browser at /data/projects/istart-mid/derivatives/fsl/sub-1010/L2_task-mid_model-3_type-act.gfeat/report_log.html
To view the FEAT progress and final report, point your web browser at /data/projects/istart-mid/derivatives/fsl/sub-1011/L2_task-mid_model-3_type-act.gfeat/report_log.html
To view the FEAT progress and final report, point your web browser at /data/projects/istart-mid/derivatives/fsl/sub-1012/L2_task-mid_model-3_type-act.gfeat/report_log.html
To view the FEAT progress and final report, point your web browser at /data/projects/istart-mid/derivatives/fsl/sub-1016/L2_task-mid_model-3_type-act.gfeat/report_log.html
To view the FEAT progress and final report, point your web browser at /data/projects/istart-mid/derivatives/fsl/sub-1019/L2_task-mid_model-3_type-act.gfeat/report_log.html
To view the FEAT progress and final report, point your web browser at /data/projects/istart-mid/derivatives/fsl/sub-1021/L2_task-mid_model-3_type-act.gfeat/report_log.html
Subject: 1240 has 1 runs instead of 2
Subject: 1242 has 1 runs instead of 2
To view the FEAT progress and final report, point your web browser at /data/projects/istart-mid/derivatives/fsl/sub-1243/L2_task-mid_model-3_type-act.gfeat/report_log.html
To view the FEAT progress and final report, point your web browser at /data/projects/istart-mid/derivatives/fsl/sub-1244/L2_task-mid_model-3_type-act.gfeat/report_log.html
To view the FEAT progress and final report, point your web browser at /data/projects/istart-mid/derivatives/fsl/sub-1245/L2_task-mid_model-3_type-act.gfeat/report_log.html
To view the FEAT progress and final report, point your web browser at /data/projects/istart-mid/derivatives/fsl/sub-1247/L2_task-mid_model-3_type-act.gfeat/report_log.html
To view the FEAT progress and final report, point your web browser at /data/projects/istart-mid/derivatives/fsl/sub-1248/L2_task-mid_model-3_type-act.gfeat/report_log.html
To view the FEAT progress and final report, point your web browser at /data/projects/istart-mid/derivatives/fsl/sub-1249/L2_task-mid_model-3_type-act.gfeat/report_log.html
Subject: 1251 has 1 runs instead of 2
Subject: 1253 has 1 runs instead of 2
To view the FEAT progress and final report, point your web browser at /data/projects/istart-mid/derivatives/fsl/sub-1255/L2_task-mid_model-3_type-act.gfeat/report_log.html
Subject: 1276 has 1 runs instead of 2
Subject: 1282 has 1 runs instead of 2
Subject: 1285 has 1 runs instead of 2
Subject: 1286 has 1 runs instead of 2
Subject: 1294 has 1 runs instead of 2
To view the FEAT progress and final report, point your web browser at /data/projects/istart-mid/derivatives/fsl/sub-1300/L2_task-mid_model-3_type-act.gfeat/report_log.html
To view the FEAT progress and final report, point your web browser at /data/projects/istart-mid/derivatives/fsl/sub-1301/L2_task-mid_model-3_type-act.gfeat/report_log.html
Subject: 1302 has 1 runs instead of 2
Subject: 3101 has 1 runs instead of 2
Subject: 3116 has 1 runs instead of 2
Subject: 3122 has 1 runs instead of 2
Subject: 3140 has 1 runs instead of 2
Subject: 3143 has 1 runs instead of 2
Subject: 3166 has 1 runs instead of 2
Subject: 3173 has 1 runs instead of 2
Subject: 3176 has 1 runs instead of 2
Subject: 3186 has 1 runs instead of 2
Subject: 3189 has 1 runs instead of 2
Subject: 3190 has 1 runs instead of 2
/data/projects/istart-mid/code/L2stats.sh: line 49: /data/projects/istart-mid/templates/L2_task-mid_model-3_type-ppi.fsf: No such file or directory
grep: /data/projects/istart-mid/derivatives/fsl/sub-1001/L2_task-mid_model-3_type-ppi_seed-NAcc.fsf: No such file or directory
    while executing
"exec sh -c "grep -a 'fmri(inmelodic)' $filename | tail -n 1 | awk '{ print \$3 }'" "
    (procedure "feat5:load" line 5)
    invoked from within
"feat5:load -1 1 ${fsfroot}.fsf"
    (file "/usr/share/fsl/6.0.3/bin/feat" line 309)
/data/projects/istart-mid/code/L2stats.sh: line 49: /data/projects/istart-mid/templates/L2_task-mid_model-3_type-ppi.fsf: No such file or directory
grep: /data/projects/istart-mid/derivatives/fsl/sub-1002/L2_task-mid_model-3_type-ppi_seed-NAcc.fsf: No such file or directory
    while executing
"exec sh -c "grep -a 'fmri(inmelodic)' $filename | tail -n 1 | awk '{ print \$3 }'" "
    (procedure "feat5:load" line 5)
    invoked from within
"feat5:load -1 1 ${fsfroot}.fsf"
    (file "/usr/share/fsl/6.0.3/bin/feat" line 309)
Subject: 1003 has 1 runs instead of 2
/data/projects/istart-mid/code/L2stats.sh: line 49: /data/projects/istart-mid/templates/L2_task-mid_model-3_type-ppi.fsf: No such file or directory
grep: /data/projects/istart-mid/derivatives/fsl/sub-1004/L2_task-mid_model-3_type-ppi_seed-NAcc.fsf: No such file or directory
    while executing
"exec sh -c "grep -a 'fmri(inmelodic)' $filename | tail -n 1 | awk '{ print \$3 }'" "
    (procedure "feat5:load" line 5)
    invoked from within
"feat5:load -1 1 ${fsfroot}.fsf"
    (file "/usr/share/fsl/6.0.3/bin/feat" line 309)
Subject: 1006 has 1 runs instead of 2
/data/projects/istart-mid/code/L2stats.sh: line 49: /data/projects/istart-mid/templates/L2_task-mid_model-3_type-ppi.fsf: No such file or directory
grep: /data/projects/istart-mid/derivatives/fsl/sub-1007/L2_task-mid_model-3_type-ppi_seed-NAcc.fsf: No such file or directory
    while executing
"exec sh -c "grep -a 'fmri(inmelodic)' $filename | tail -n 1 | awk '{ print \$3 }'" "
    (procedure "feat5:load" line 5)
    invoked from within
"feat5:load -1 1 ${fsfroot}.fsf"
    (file "/usr/share/fsl/6.0.3/bin/feat" line 309)
/data/projects/istart-mid/code/L2stats.sh: line 49: /data/projects/istart-mid/templates/L2_task-mid_model-3_type-ppi.fsf: No such file or directory
grep: /data/projects/istart-mid/derivatives/fsl/sub-1009/L2_task-mid_model-3_type-ppi_seed-NAcc.fsf: No such file or directory
    while executing
"exec sh -c "grep -a 'fmri(inmelodic)' $filename | tail -n 1 | awk '{ print \$3 }'" "
    (procedure "feat5:load" line 5)
    invoked from within
"feat5:load -1 1 ${fsfroot}.fsf"
    (file "/usr/share/fsl/6.0.3/bin/feat" line 309)
/data/projects/istart-mid/code/L2stats.sh: line 49: /data/projects/istart-mid/templates/L2_task-mid_model-3_type-ppi.fsf: No such file or directory
grep: /data/projects/istart-mid/derivatives/fsl/sub-1010/L2_task-mid_model-3_type-ppi_seed-NAcc.fsf: No such file or directory
    while executing
"exec sh -c "grep -a 'fmri(inmelodic)' $filename | tail -n 1 | awk '{ print \$3 }'" "
    (procedure "feat5:load" line 5)
    invoked from within
"feat5:load -1 1 ${fsfroot}.fsf"
    (file "/usr/share/fsl/6.0.3/bin/feat" line 309)
/data/projects/istart-mid/code/L2stats.sh: line 49: /data/projects/istart-mid/templates/L2_task-mid_model-3_type-ppi.fsf: No such file or directory
grep: /data/projects/istart-mid/derivatives/fsl/sub-1011/L2_task-mid_model-3_type-ppi_seed-NAcc.fsf: No such file or directory
    while executing
"exec sh -c "grep -a 'fmri(inmelodic)' $filename | tail -n 1 | awk '{ print \$3 }'" "
    (procedure "feat5:load" line 5)
    invoked from within
"feat5:load -1 1 ${fsfroot}.fsf"
    (file "/usr/share/fsl/6.0.3/bin/feat" line 309)
/data/projects/istart-mid/code/L2stats.sh: line 49: /data/projects/istart-mid/templates/L2_task-mid_model-3_type-ppi.fsf: No such file or directory
grep: /data/projects/istart-mid/derivatives/fsl/sub-1012/L2_task-mid_model-3_type-ppi_seed-NAcc.fsf: No such file or directory
    while executing
"exec sh -c "grep -a 'fmri(inmelodic)' $filename | tail -n 1 | awk '{ print \$3 }'" "
    (procedure "feat5:load" line 5)
    invoked from within
"feat5:load -1 1 ${fsfroot}.fsf"
    (file "/usr/share/fsl/6.0.3/bin/feat" line 309)
/data/projects/istart-mid/code/L2stats.sh: line 49: /data/projects/istart-mid/templates/L2_task-mid_model-3_type-ppi.fsf: No such file or directory
grep: /data/projects/istart-mid/derivatives/fsl/sub-1016/L2_task-mid_model-3_type-ppi_seed-NAcc.fsf: No such file or directory
    while executing
"exec sh -c "grep -a 'fmri(inmelodic)' $filename | tail -n 1 | awk '{ print \$3 }'" "
    (procedure "feat5:load" line 5)
    invoked from within
"feat5:load -1 1 ${fsfroot}.fsf"
    (file "/usr/share/fsl/6.0.3/bin/feat" line 309)
/data/projects/istart-mid/code/L2stats.sh: line 49: /data/projects/istart-mid/templates/L2_task-mid_model-3_type-ppi.fsf: No such file or directory
grep: /data/projects/istart-mid/derivatives/fsl/sub-1019/L2_task-mid_model-3_type-ppi_seed-NAcc.fsf: No such file or directory
    while executing
"exec sh -c "grep -a 'fmri(inmelodic)' $filename | tail -n 1 | awk '{ print \$3 }'" "
    (procedure "feat5:load" line 5)
    invoked from within
"feat5:load -1 1 ${fsfroot}.fsf"
    (file "/usr/share/fsl/6.0.3/bin/feat" line 309)
/data/projects/istart-mid/code/L2stats.sh: line 49: /data/projects/istart-mid/templates/L2_task-mid_model-3_type-ppi.fsf: No such file or directory
grep: /data/projects/istart-mid/derivatives/fsl/sub-1021/L2_task-mid_model-3_type-ppi_seed-NAcc.fsf: No such file or directory
    while executing
"exec sh -c "grep -a 'fmri(inmelodic)' $filename | tail -n 1 | awk '{ print \$3 }'" "
    (procedure "feat5:load" line 5)
    invoked from within
"feat5:load -1 1 ${fsfroot}.fsf"
    (file "/usr/share/fsl/6.0.3/bin/feat" line 309)
Subject: 1240 has 1 runs instead of 2
Subject: 1242 has 1 runs instead of 2
/data/projects/istart-mid/code/L2stats.sh: line 49: /data/projects/istart-mid/templates/L2_task-mid_model-3_type-ppi.fsf: No such file or directory
grep: /data/projects/istart-mid/derivatives/fsl/sub-1243/L2_task-mid_model-3_type-ppi_seed-NAcc.fsf: No such file or directory
    while executing
"exec sh -c "grep -a 'fmri(inmelodic)' $filename | tail -n 1 | awk '{ print \$3 }'" "
    (procedure "feat5:load" line 5)
    invoked from within
"feat5:load -1 1 ${fsfroot}.fsf"
    (file "/usr/share/fsl/6.0.3/bin/feat" line 309)
/data/projects/istart-mid/code/L2stats.sh: line 49: /data/projects/istart-mid/templates/L2_task-mid_model-3_type-ppi.fsf: No such file or directory
grep: /data/projects/istart-mid/derivatives/fsl/sub-1244/L2_task-mid_model-3_type-ppi_seed-NAcc.fsf: No such file or directory
    while executing
"exec sh -c "grep -a 'fmri(inmelodic)' $filename | tail -n 1 | awk '{ print \$3 }'" "
    (procedure "feat5:load" line 5)
    invoked from within
"feat5:load -1 1 ${fsfroot}.fsf"
    (file "/usr/share/fsl/6.0.3/bin/feat" line 309)
/data/projects/istart-mid/code/L2stats.sh: line 49: /data/projects/istart-mid/templates/L2_task-mid_model-3_type-ppi.fsf: No such file or directory
grep: /data/projects/istart-mid/derivatives/fsl/sub-1245/L2_task-mid_model-3_type-ppi_seed-NAcc.fsf: No such file or directory
    while executing
"exec sh -c "grep -a 'fmri(inmelodic)' $filename | tail -n 1 | awk '{ print \$3 }'" "
    (procedure "feat5:load" line 5)
    invoked from within
"feat5:load -1 1 ${fsfroot}.fsf"
    (file "/usr/share/fsl/6.0.3/bin/feat" line 309)
/data/projects/istart-mid/code/L2stats.sh: line 49: /data/projects/istart-mid/templates/L2_task-mid_model-3_type-ppi.fsf: No such file or directory
grep: /data/projects/istart-mid/derivatives/fsl/sub-1247/L2_task-mid_model-3_type-ppi_seed-NAcc.fsf: No such file or directory
    while executing
"exec sh -c "grep -a 'fmri(inmelodic)' $filename | tail -n 1 | awk '{ print \$3 }'" "
    (procedure "feat5:load" line 5)
    invoked from within
"feat5:load -1 1 ${fsfroot}.fsf"
    (file "/usr/share/fsl/6.0.3/bin/feat" line 309)
/data/projects/istart-mid/code/L2stats.sh: line 49: /data/projects/istart-mid/templates/L2_task-mid_model-3_type-ppi.fsf: No such file or directory
grep: /data/projects/istart-mid/derivatives/fsl/sub-1248/L2_task-mid_model-3_type-ppi_seed-NAcc.fsf: No such file or directory
    while executing
"exec sh -c "grep -a 'fmri(inmelodic)' $filename | tail -n 1 | awk '{ print \$3 }'" "
    (procedure "feat5:load" line 5)
    invoked from within
"feat5:load -1 1 ${fsfroot}.fsf"
    (file "/usr/share/fsl/6.0.3/bin/feat" line 309)
/data/projects/istart-mid/code/L2stats.sh: line 49: /data/projects/istart-mid/templates/L2_task-mid_model-3_type-ppi.fsf: No such file or directory
grep: /data/projects/istart-mid/derivatives/fsl/sub-1249/L2_task-mid_model-3_type-ppi_seed-NAcc.fsf: No such file or directory
    while executing
"exec sh -c "grep -a 'fmri(inmelodic)' $filename | tail -n 1 | awk '{ print \$3 }'" "
    (procedure "feat5:load" line 5)
    invoked from within
"feat5:load -1 1 ${fsfroot}.fsf"
    (file "/usr/share/fsl/6.0.3/bin/feat" line 309)
Subject: 1251 has 1 runs instead of 2
Subject: 1253 has 1 runs instead of 2
/data/projects/istart-mid/code/L2stats.sh: line 49: /data/projects/istart-mid/templates/L2_task-mid_model-3_type-ppi.fsf: No such file or directory
grep: /data/projects/istart-mid/derivatives/fsl/sub-1255/L2_task-mid_model-3_type-ppi_seed-NAcc.fsf: No such file or directory
    while executing
"exec sh -c "grep -a 'fmri(inmelodic)' $filename | tail -n 1 | awk '{ print \$3 }'" "
    (procedure "feat5:load" line 5)
    invoked from within
"feat5:load -1 1 ${fsfroot}.fsf"
    (file "/usr/share/fsl/6.0.3/bin/feat" line 309)
Subject: 1276 has 1 runs instead of 2
Subject: 1282 has 1 runs instead of 2
Subject: 1285 has 1 runs instead of 2
Subject: 1286 has 1 runs instead of 2
Subject: 1294 has 1 runs instead of 2
/data/projects/istart-mid/code/L2stats.sh: line 49: /data/projects/istart-mid/templates/L2_task-mid_model-3_type-ppi.fsf: No such file or directory
grep: /data/projects/istart-mid/derivatives/fsl/sub-1300/L2_task-mid_model-3_type-ppi_seed-NAcc.fsf: No such file or directory
    while executing
"exec sh -c "grep -a 'fmri(inmelodic)' $filename | tail -n 1 | awk '{ print \$3 }'" "
    (procedure "feat5:load" line 5)
    invoked from within
"feat5:load -1 1 ${fsfroot}.fsf"
    (file "/usr/share/fsl/6.0.3/bin/feat" line 309)
/data/projects/istart-mid/code/L2stats.sh: line 49: /data/projects/istart-mid/templates/L2_task-mid_model-3_type-ppi.fsf: No such file or directory
grep: /data/projects/istart-mid/derivatives/fsl/sub-1301/L2_task-mid_model-3_type-ppi_seed-NAcc.fsf: No such file or directory
    while executing
"exec sh -c "grep -a 'fmri(inmelodic)' $filename | tail -n 1 | awk '{ print \$3 }'" "
    (procedure "feat5:load" line 5)
    invoked from within
"feat5:load -1 1 ${fsfroot}.fsf"
    (file "/usr/share/fsl/6.0.3/bin/feat" line 309)
Subject: 1302 has 1 runs instead of 2
Subject: 3101 has 1 runs instead of 2
Subject: 3116 has 1 runs instead of 2
Subject: 3122 has 1 runs instead of 2
Subject: 3140 has 1 runs instead of 2
Subject: 3143 has 1 runs instead of 2
Subject: 3166 has 1 runs instead of 2
Subject: 3173 has 1 runs instead of 2
Subject: 3176 has 1 runs instead of 2
Subject: 3186 has 1 runs instead of 2
Subject: 3189 has 1 runs instead of 2
Subject: 3190 has 1 runs instead of 2
